  autofit.c
  bdf.c
  cff.c
  ftbase.c
  ftbitmap.c
  ftcache.c
  ftfstype.c
  ftgasp.c
  ftglyph.c
  ftgzip.c
  ftinit.c
  ftlzw.c
D:\Github\Platformer_Game\GLFW\External\freetype-2.5.2\src\autofit\aflatin.c(554): warning C4701: potentially uninitialized local variable 'p_first' used
D:\Github\Platformer_Game\GLFW\External\freetype-2.5.2\src\autofit\aflatin.c(600): warning C4701: potentially uninitialized local variable 'p_last' used
  ftstroke.c
  ftsystem.c
  smooth.c
  ftbbox.c
  ftmm.c
  ftpfr.c
  ftsynth.c
  fttype1.c
  ftwinfnt.c
  ftxf86.c
  ftlcdfil.c
  ftgxval.c
  ftotval.c
  ftpatent.c
  pcf.c
  pfr.c
  psaux.c
  pshinter.c
  psmodule.c
  raster.c
  sfnt.c
  truetype.c
  type1.c
  type1cid.c
  type42.c
  winfnt.c
D:\Github\Platformer_Game\GLFW\External\freetype-2.5.2\src\truetype\ttgload.c(102,44): warning C4244: '=': conversion from 'FT_Pos' to 'FT_Short', possible loss of data (compiling source file ..\..\..\src\truetype\truetype.c)
D:\Github\Platformer_Game\GLFW\External\freetype-2.5.2\src\truetype\ttgload.c(108,46): warning C4244: '=': conversion from 'FT_Pos' to 'FT_Short', possible loss of data (compiling source file ..\..\..\src\truetype\truetype.c)
D:\Github\Platformer_Game\GLFW\External\freetype-2.5.2\src\sfnt\sfobjs.c(504,7): warning C4244: '=': conversion from 'FT_ULong' to 'FT_Byte', possible loss of data (compiling source file ..\..\..\src\sfnt\sfnt.c)
D:\Github\Platformer_Game\GLFW\External\freetype-2.5.2\src\sfnt\sfobjs.c(505,7): warning C4244: '=': conversion from 'int' to 'FT_Byte', possible loss of data (compiling source file ..\..\..\src\sfnt\sfnt.c)
D:\Github\Platformer_Game\GLFW\External\freetype-2.5.2\src\sfnt\sfobjs.c(506,7): warning C4244: '=': conversion from 'FT_UInt' to 'FT_Byte', possible loss of data (compiling source file ..\..\..\src\sfnt\sfnt.c)
D:\Github\Platformer_Game\GLFW\External\freetype-2.5.2\src\sfnt\sfobjs.c(507,7): warning C4244: '=': conversion from 'FT_UInt' to 'FT_Byte', possible loss of data (compiling source file ..\..\..\src\sfnt\sfnt.c)
D:\Github\Platformer_Game\GLFW\External\freetype-2.5.2\src\sfnt\sfobjs.c(508,7): warning C4244: '=': conversion from 'FT_UInt' to 'FT_Byte', possible loss of data (compiling source file ..\..\..\src\sfnt\sfnt.c)
D:\Github\Platformer_Game\GLFW\External\freetype-2.5.2\src\sfnt\sfobjs.c(645,7): warning C4244: '=': conversion from 'FT_ULong' to 'FT_Byte', possible loss of data (compiling source file ..\..\..\src\sfnt\sfnt.c)
D:\Github\Platformer_Game\GLFW\External\freetype-2.5.2\src\sfnt\sfobjs.c(646,7): warning C4244: '=': conversion from 'FT_ULong' to 'FT_Byte', possible loss of data (compiling source file ..\..\..\src\sfnt\sfnt.c)
D:\Github\Platformer_Game\GLFW\External\freetype-2.5.2\src\sfnt\sfobjs.c(647,7): warning C4244: '=': conversion from 'FT_ULong' to 'FT_Byte', possible loss of data (compiling source file ..\..\..\src\sfnt\sfnt.c)
D:\Github\Platformer_Game\GLFW\External\freetype-2.5.2\src\sfnt\sfobjs.c(648,7): warning C4244: '=': conversion from 'FT_ULong' to 'FT_Byte', possible loss of data (compiling source file ..\..\..\src\sfnt\sfnt.c)
D:\Github\Platformer_Game\GLFW\External\freetype-2.5.2\src\sfnt\ttsbit.c(291,31): warning C4244: '=': conversion from 'FT_UInt' to 'FT_UShort', possible loss of data (compiling source file ..\..\..\src\sfnt\sfnt.c)
D:\Github\Platformer_Game\GLFW\External\freetype-2.5.2\src\sfnt\ttsbit.c(292,31): warning C4244: '=': conversion from 'FT_UInt' to 'FT_UShort', possible loss of data (compiling source file ..\..\..\src\sfnt\sfnt.c)
D:\Github\Platformer_Game\GLFW\External\freetype-2.5.2\src\sfnt\ttsbit.c(803,3): warning C4244: 'initializing': conversion from 'FT_Short' to 'FT_Char', possible loss of data (compiling source file ..\..\..\src\sfnt\sfnt.c)
D:\Github\Platformer_Game\GLFW\External\freetype-2.5.2\src\sfnt\ttsbit.c(804,3): warning C4244: 'initializing': conversion from 'FT_Short' to 'FT_Char', possible loss of data (compiling source file ..\..\..\src\sfnt\sfnt.c)
D:\Github\Platformer_Game\GLFW\External\freetype-2.5.2\src\sfnt\ttsbit.c(805,3): warning C4244: 'initializing': conversion from 'FT_UShort' to 'FT_Byte', possible loss of data (compiling source file ..\..\..\src\sfnt\sfnt.c)
D:\Github\Platformer_Game\GLFW\External\freetype-2.5.2\src\sfnt\ttsbit.c(806,3): warning C4244: 'initializing': conversion from 'FT_Short' to 'FT_Char', possible loss of data (compiling source file ..\..\..\src\sfnt\sfnt.c)
D:\Github\Platformer_Game\GLFW\External\freetype-2.5.2\src\sfnt\ttsbit.c(807,3): warning C4244: 'initializing': conversion from 'FT_Short' to 'FT_Char', possible loss of data (compiling source file ..\..\..\src\sfnt\sfnt.c)
D:\Github\Platformer_Game\GLFW\External\freetype-2.5.2\src\sfnt\ttsbit.c(808,3): warning C4244: 'initializing': conversion from 'FT_UShort' to 'FT_Byte', possible loss of data (compiling source file ..\..\..\src\sfnt\sfnt.c)
D:\Github\Platformer_Game\GLFW\External\freetype-2.5.2\src\sfnt\ttsbit.c(1352,44): warning C4244: '=': conversion from 'FT_Int' to 'FT_Short', possible loss of data (compiling source file ..\..\..\src\sfnt\sfnt.c)
D:\Github\Platformer_Game\GLFW\External\freetype-2.5.2\src\sfnt\ttsbit.c(1353,63): warning C4244: '=': conversion from 'int' to 'FT_Short', possible loss of data (compiling source file ..\..\..\src\sfnt\sfnt.c)
D:\Github\Platformer_Game\GLFW\External\freetype-2.5.2\src\sfnt\ttsbit.c(1033): warning C4701: potentially uninitialized local variable 'loader' used
D:\Github\Platformer_Game\GLFW\External\freetype-2.5.2\src\sfnt\ttsbit.c(1033): warning C4703: potentially uninitialized local pointer variable 'loader' used
  ftdebug.c
  freetype.vcxproj -> D:\Github\Platformer_Game\GLFW\External\freetype-2.5.2\objs\win32\vc2010\freetype252_D.lib
